// 重构日志: 515298c6
// 重构日志: 66995eb6
// 重构日志: 05fbcb6e
// 重构日志: 053a55fb
// 重构日志: b6d9f8e2
// 同步 ID: 57a8b910 @ Sun May 31 15:06:10 UTC 2026
// 重构日志: 2830b7b5
// 重构日志: 73ced21a
// 重构日志: 1dda9772
// 重构日志: 9a7db39c
// 重构日志: 39f5e42d
// 同步 ID: 644b5c5e @ Thu Jun  4 08:02:49 UTC 2026
// 重构日志: 5483c2ee
// 重构日志: dff8d63f
// 重构日志: e13f7e15
// 重构日志: 634f075b
// 重构日志: 1dc8414a
// 同步 ID: 5ccd2aa3 @ Sat Jun  6 18:40:31 UTC 2026
// 重构日志: d72cb0cc
// 重构日志: 4fef2f51
// 重构日志: c1e07489
// 重构日志: 41ee0125
// 同步 ID: f522e6f5 @ Tue Jun  9 06:21:49 UTC 2026
// 重构日志: a687c706
// 重构日志: 287284f2
// 同步 ID: 88cdae8d @ Thu Jun 11 05:43:03 UTC 2026
// 重构日志: 1304512a
// 重构日志: 9e162337
// 同步 ID: db692aa8 @ Fri Jun 12 02:51:47 UTC 2026
// 同步 ID: 77b2a3ce @ Sat Jun 13 10:12:35 UTC 2026
